<?xml version="1.0" encoding="UTF-8"?>
<!-- Generated by org.testng.reporters.JUnitReportReporter -->
<testsuite hostname="LAPTOP-C4KP8E75" failures="0" tests="1" name="CucumberTestng_runner.CTRunner" time="30.574" errors="0" timestamp="2024-07-02T16:57:03 IST" skipped="0">
  <testcase classname="CucumberTestng_runner.CTRunner" name="runScenario" time="30.574"/>
</testsuite> <!-- CucumberTestng_runner.CTRunner -->
